CRITICAL - 2026-05-05 09:19:33 --> CodeIgniter\HTTP\Exceptions\HTTPException: CURL must be enabled to use the CURLRequest class.
[Method: POST, Route: chatbot]
in SYSTEMPATH\HTTP\CURLRequest.php on line 123.
 1 SYSTEMPATH\HTTP\CURLRequest.php(123): CodeIgniter\HTTP\Exceptions\HTTPException::forMissingCurl()
 2 SYSTEMPATH\Config\Services.php(212): CodeIgniter\HTTP\CURLRequest->__construct(Object(Config\App), Object(CodeIgniter\HTTP\URI), Object(CodeIgniter\HTTP\Response), [])
 3 SYSTEMPATH\Config\BaseService.php(325): CodeIgniter\Config\Services::curlrequest([], Object(CodeIgniter\HTTP\Response), Object(Config\App), false)
 4 SYSTEMPATH\Config\BaseService.php(264): CodeIgniter\Config\BaseService::__callStatic('curlrequest', [...])
 5 SYSTEMPATH\Config\Services.php(206): CodeIgniter\Config\BaseService::getSharedInstance('curlrequest', [], null, null)
 6 SYSTEMPATH\Config\BaseService.php(334): CodeIgniter\Config\Services::curlrequest()
 7 APPPATH\Controllers\Chatbot.php(16): CodeIgniter\Config\BaseService::__callStatic('curlrequest', [])
 8 SYSTEMPATH\CodeIgniter.php(951): App\Controllers\Chatbot->chat()
 9 SYSTEMPATH\CodeIgniter.php(497): CodeIgniter\CodeIgniter->runController(Object(App\Controllers\Chatbot))
10 SYSTEMPATH\CodeIgniter.php(340): CodeIgniter\CodeIgniter->handleRequest(null, Object(Config\Cache), false)
11 SYSTEMPATH\Boot.php(417): CodeIgniter\CodeIgniter->run()
12 SYSTEMPATH\Boot.php(68): CodeIgniter\Boot::runCodeIgniter(Object(CodeIgniter\CodeIgniter))
13 FCPATH\index.php(59): CodeIgniter\Boot::bootWeb(Object(Config\Paths))
CRITICAL - 2026-05-05 09:19:44 --> CodeIgniter\HTTP\Exceptions\HTTPException: CURL must be enabled to use the CURLRequest class.
[Method: POST, Route: chatbot]
in SYSTEMPATH\HTTP\CURLRequest.php on line 123.
 1 SYSTEMPATH\HTTP\CURLRequest.php(123): CodeIgniter\HTTP\Exceptions\HTTPException::forMissingCurl()
 2 SYSTEMPATH\Config\Services.php(212): CodeIgniter\HTTP\CURLRequest->__construct(Object(Config\App), Object(CodeIgniter\HTTP\URI), Object(CodeIgniter\HTTP\Response), [])
 3 SYSTEMPATH\Config\BaseService.php(325): CodeIgniter\Config\Services::curlrequest([], Object(CodeIgniter\HTTP\Response), Object(Config\App), false)
 4 SYSTEMPATH\Config\BaseService.php(264): CodeIgniter\Config\BaseService::__callStatic('curlrequest', [...])
 5 SYSTEMPATH\Config\Services.php(206): CodeIgniter\Config\BaseService::getSharedInstance('curlrequest', [], null, null)
 6 SYSTEMPATH\Config\BaseService.php(334): CodeIgniter\Config\Services::curlrequest()
 7 APPPATH\Controllers\Chatbot.php(16): CodeIgniter\Config\BaseService::__callStatic('curlrequest', [])
 8 SYSTEMPATH\CodeIgniter.php(951): App\Controllers\Chatbot->chat()
 9 SYSTEMPATH\CodeIgniter.php(497): CodeIgniter\CodeIgniter->runController(Object(App\Controllers\Chatbot))
10 SYSTEMPATH\CodeIgniter.php(340): CodeIgniter\CodeIgniter->handleRequest(null, Object(Config\Cache), false)
11 SYSTEMPATH\Boot.php(417): CodeIgniter\CodeIgniter->run()
12 SYSTEMPATH\Boot.php(68): CodeIgniter\Boot::runCodeIgniter(Object(CodeIgniter\CodeIgniter))
13 FCPATH\index.php(59): CodeIgniter\Boot::bootWeb(Object(Config\Paths))
CRITICAL - 2026-05-05 09:19:45 --> CodeIgniter\HTTP\Exceptions\HTTPException: CURL must be enabled to use the CURLRequest class.
[Method: POST, Route: chatbot]
in SYSTEMPATH\HTTP\CURLRequest.php on line 123.
 1 SYSTEMPATH\HTTP\CURLRequest.php(123): CodeIgniter\HTTP\Exceptions\HTTPException::forMissingCurl()
 2 SYSTEMPATH\Config\Services.php(212): CodeIgniter\HTTP\CURLRequest->__construct(Object(Config\App), Object(CodeIgniter\HTTP\URI), Object(CodeIgniter\HTTP\Response), [])
 3 SYSTEMPATH\Config\BaseService.php(325): CodeIgniter\Config\Services::curlrequest([], Object(CodeIgniter\HTTP\Response), Object(Config\App), false)
 4 SYSTEMPATH\Config\BaseService.php(264): CodeIgniter\Config\BaseService::__callStatic('curlrequest', [...])
 5 SYSTEMPATH\Config\Services.php(206): CodeIgniter\Config\BaseService::getSharedInstance('curlrequest', [], null, null)
 6 SYSTEMPATH\Config\BaseService.php(334): CodeIgniter\Config\Services::curlrequest()
 7 APPPATH\Controllers\Chatbot.php(16): CodeIgniter\Config\BaseService::__callStatic('curlrequest', [])
 8 SYSTEMPATH\CodeIgniter.php(951): App\Controllers\Chatbot->chat()
 9 SYSTEMPATH\CodeIgniter.php(497): CodeIgniter\CodeIgniter->runController(Object(App\Controllers\Chatbot))
10 SYSTEMPATH\CodeIgniter.php(340): CodeIgniter\CodeIgniter->handleRequest(null, Object(Config\Cache), false)
11 SYSTEMPATH\Boot.php(417): CodeIgniter\CodeIgniter->run()
12 SYSTEMPATH\Boot.php(68): CodeIgniter\Boot::runCodeIgniter(Object(CodeIgniter\CodeIgniter))
13 FCPATH\index.php(59): CodeIgniter\Boot::bootWeb(Object(Config\Paths))
CRITICAL - 2026-05-05 09:56:34 --> ErrorException: Undefined variable $totalTime
[Method: GET, Route: /]
in SYSTEMPATH\Debug\Toolbar\Views\toolbar.tpl.php on line 50.
 1 SYSTEMPATH\Debug\Toolbar\Views\toolbar.tpl.php(50): CodeIgniter\Debug\Exceptions->errorHandler(2, 'Undefined variable $totalTime', 'C:\\laragon\\www\\ci4-chatbot\\system\\Debug\\Toolbar\\Views\\toolbar.tpl.php', 50)
 2 SYSTEMPATH\Debug\Toolbar.php(533): include('C:\\laragon\\www\\ci4-chatbot\\system\\Debug\\Toolbar\\Views\\toolbar.tpl.php')
 3 SYSTEMPATH\Debug\Toolbar.php(496): CodeIgniter\Debug\Toolbar->format([...], 'html')
 4 APPPATH\Config\Events.php(47): CodeIgniter\Debug\Toolbar->respond()
 5 SYSTEMPATH\Events\Events.php(152): CodeIgniter\Events\Events::{closure:C:\laragon\www\ci4-chatbot\app\Config\Events.php:26}()
 6 SYSTEMPATH\CodeIgniter.php(325): CodeIgniter\Events\Events::trigger('pre_system')
 7 SYSTEMPATH\Boot.php(417): CodeIgniter\CodeIgniter->run()
 8 SYSTEMPATH\Boot.php(68): CodeIgniter\Boot::runCodeIgniter(Object(CodeIgniter\CodeIgniter))
 9 FCPATH\index.php(59): CodeIgniter\Boot::bootWeb(Object(Config\Paths))
CRITICAL - 2026-05-05 13:37:22 --> CodeIgniter\HTTP\Exceptions\BadRequestException: The URI you submitted has disallowed characters: "208366060224532@lid"
[Method: GET, Route: api/wa/support-chats/open/208366060224532@lid]
in SYSTEMPATH\Router\Router.php on line 768.
 1 SYSTEMPATH\Router\Router.php(219): CodeIgniter\Router\Router->checkDisallowedChars('api/wa/support-chats/open/208366060224532@lid')
 2 SYSTEMPATH\CodeIgniter.php(829): CodeIgniter\Router\Router->handle('api/wa/support-chats/open/208366060224532@lid')
 3 SYSTEMPATH\CodeIgniter.php(441): CodeIgniter\CodeIgniter->tryToRouteIt(Object(CodeIgniter\Router\RouteCollection))
 4 SYSTEMPATH\CodeIgniter.php(340): CodeIgniter\CodeIgniter->handleRequest(null, Object(Config\Cache), false)
 5 SYSTEMPATH\Boot.php(417): CodeIgniter\CodeIgniter->run()
 6 SYSTEMPATH\Boot.php(68): CodeIgniter\Boot::runCodeIgniter(Object(CodeIgniter\CodeIgniter))
 7 FCPATH\index.php(59): CodeIgniter\Boot::bootWeb(Object(Config\Paths))
CRITICAL - 2026-05-05 13:38:10 --> CodeIgniter\HTTP\Exceptions\BadRequestException: The URI you submitted has disallowed characters: "208366060224532@lid"
[Method: GET, Route: api/wa/support-chats/open/208366060224532@lid]
in SYSTEMPATH\Router\Router.php on line 768.
 1 SYSTEMPATH\Router\Router.php(219): CodeIgniter\Router\Router->checkDisallowedChars('api/wa/support-chats/open/208366060224532@lid')
 2 SYSTEMPATH\CodeIgniter.php(829): CodeIgniter\Router\Router->handle('api/wa/support-chats/open/208366060224532@lid')
 3 SYSTEMPATH\CodeIgniter.php(441): CodeIgniter\CodeIgniter->tryToRouteIt(Object(CodeIgniter\Router\RouteCollection))
 4 SYSTEMPATH\CodeIgniter.php(340): CodeIgniter\CodeIgniter->handleRequest(null, Object(Config\Cache), false)
 5 SYSTEMPATH\Boot.php(417): CodeIgniter\CodeIgniter->run()
 6 SYSTEMPATH\Boot.php(68): CodeIgniter\Boot::runCodeIgniter(Object(CodeIgniter\CodeIgniter))
 7 FCPATH\index.php(59): CodeIgniter\Boot::bootWeb(Object(Config\Paths))
CRITICAL - 2026-05-05 13:38:14 --> CodeIgniter\HTTP\Exceptions\BadRequestException: The URI you submitted has disallowed characters: "208366060224532@lid"
[Method: GET, Route: api/wa/support-chats/open/208366060224532@lid]
in SYSTEMPATH\Router\Router.php on line 768.
 1 SYSTEMPATH\Router\Router.php(219): CodeIgniter\Router\Router->checkDisallowedChars('api/wa/support-chats/open/208366060224532@lid')
 2 SYSTEMPATH\CodeIgniter.php(829): CodeIgniter\Router\Router->handle('api/wa/support-chats/open/208366060224532@lid')
 3 SYSTEMPATH\CodeIgniter.php(441): CodeIgniter\CodeIgniter->tryToRouteIt(Object(CodeIgniter\Router\RouteCollection))
 4 SYSTEMPATH\CodeIgniter.php(340): CodeIgniter\CodeIgniter->handleRequest(null, Object(Config\Cache), false)
 5 SYSTEMPATH\Boot.php(417): CodeIgniter\CodeIgniter->run()
 6 SYSTEMPATH\Boot.php(68): CodeIgniter\Boot::runCodeIgniter(Object(CodeIgniter\CodeIgniter))
 7 FCPATH\index.php(59): CodeIgniter\Boot::bootWeb(Object(Config\Paths))
CRITICAL - 2026-05-05 13:38:25 --> CodeIgniter\HTTP\Exceptions\BadRequestException: The URI you submitted has disallowed characters: "208366060224532@lid"
[Method: GET, Route: api/wa/support-chats/open/208366060224532@lid]
in SYSTEMPATH\Router\Router.php on line 768.
 1 SYSTEMPATH\Router\Router.php(219): CodeIgniter\Router\Router->checkDisallowedChars('api/wa/support-chats/open/208366060224532@lid')
 2 SYSTEMPATH\CodeIgniter.php(829): CodeIgniter\Router\Router->handle('api/wa/support-chats/open/208366060224532@lid')
 3 SYSTEMPATH\CodeIgniter.php(441): CodeIgniter\CodeIgniter->tryToRouteIt(Object(CodeIgniter\Router\RouteCollection))
 4 SYSTEMPATH\CodeIgniter.php(340): CodeIgniter\CodeIgniter->handleRequest(null, Object(Config\Cache), false)
 5 SYSTEMPATH\Boot.php(417): CodeIgniter\CodeIgniter->run()
 6 SYSTEMPATH\Boot.php(68): CodeIgniter\Boot::runCodeIgniter(Object(CodeIgniter\CodeIgniter))
 7 FCPATH\index.php(59): CodeIgniter\Boot::bootWeb(Object(Config\Paths))
CRITICAL - 2026-05-05 13:45:28 --> CodeIgniter\HTTP\Exceptions\HTTPException: CURL must be enabled to use the CURLRequest class.
[Method: POST, Route: chatbot]
in SYSTEMPATH\HTTP\CURLRequest.php on line 123.
 1 SYSTEMPATH\HTTP\CURLRequest.php(123): CodeIgniter\HTTP\Exceptions\HTTPException::forMissingCurl()
 2 SYSTEMPATH\Config\Services.php(212): CodeIgniter\HTTP\CURLRequest->__construct(Object(Config\App), Object(CodeIgniter\HTTP\URI), Object(CodeIgniter\HTTP\Response), [])
 3 SYSTEMPATH\Config\BaseService.php(325): CodeIgniter\Config\Services::curlrequest([], Object(CodeIgniter\HTTP\Response), Object(Config\App), false)
 4 SYSTEMPATH\Config\BaseService.php(264): CodeIgniter\Config\BaseService::__callStatic('curlrequest', [...])
 5 SYSTEMPATH\Config\Services.php(206): CodeIgniter\Config\BaseService::getSharedInstance('curlrequest', [], null, null)
 6 SYSTEMPATH\Config\BaseService.php(334): CodeIgniter\Config\Services::curlrequest()
 7 APPPATH\Controllers\Chatbot.php(16): CodeIgniter\Config\BaseService::__callStatic('curlrequest', [])
 8 SYSTEMPATH\CodeIgniter.php(951): App\Controllers\Chatbot->chat()
 9 SYSTEMPATH\CodeIgniter.php(497): CodeIgniter\CodeIgniter->runController(Object(App\Controllers\Chatbot))
10 SYSTEMPATH\CodeIgniter.php(340): CodeIgniter\CodeIgniter->handleRequest(null, Object(Config\Cache), false)
11 SYSTEMPATH\Boot.php(417): CodeIgniter\CodeIgniter->run()
12 SYSTEMPATH\Boot.php(68): CodeIgniter\Boot::runCodeIgniter(Object(CodeIgniter\CodeIgniter))
13 FCPATH\index.php(59): CodeIgniter\Boot::bootWeb(Object(Config\Paths))
CRITICAL - 2026-05-05 13:45:48 --> CodeIgniter\HTTP\Exceptions\HTTPException: CURL must be enabled to use the CURLRequest class.
[Method: POST, Route: chatbot]
in SYSTEMPATH\HTTP\CURLRequest.php on line 123.
 1 SYSTEMPATH\HTTP\CURLRequest.php(123): CodeIgniter\HTTP\Exceptions\HTTPException::forMissingCurl()
 2 SYSTEMPATH\Config\Services.php(212): CodeIgniter\HTTP\CURLRequest->__construct(Object(Config\App), Object(CodeIgniter\HTTP\URI), Object(CodeIgniter\HTTP\Response), [])
 3 SYSTEMPATH\Config\BaseService.php(325): CodeIgniter\Config\Services::curlrequest([], Object(CodeIgniter\HTTP\Response), Object(Config\App), false)
 4 SYSTEMPATH\Config\BaseService.php(264): CodeIgniter\Config\BaseService::__callStatic('curlrequest', [...])
 5 SYSTEMPATH\Config\Services.php(206): CodeIgniter\Config\BaseService::getSharedInstance('curlrequest', [], null, null)
 6 SYSTEMPATH\Config\BaseService.php(334): CodeIgniter\Config\Services::curlrequest()
 7 APPPATH\Controllers\Chatbot.php(16): CodeIgniter\Config\BaseService::__callStatic('curlrequest', [])
 8 SYSTEMPATH\CodeIgniter.php(951): App\Controllers\Chatbot->chat()
 9 SYSTEMPATH\CodeIgniter.php(497): CodeIgniter\CodeIgniter->runController(Object(App\Controllers\Chatbot))
10 SYSTEMPATH\CodeIgniter.php(340): CodeIgniter\CodeIgniter->handleRequest(null, Object(Config\Cache), false)
11 SYSTEMPATH\Boot.php(417): CodeIgniter\CodeIgniter->run()
12 SYSTEMPATH\Boot.php(68): CodeIgniter\Boot::runCodeIgniter(Object(CodeIgniter\CodeIgniter))
13 FCPATH\index.php(59): CodeIgniter\Boot::bootWeb(Object(Config\Paths))
CRITICAL - 2026-05-05 13:45:59 --> CodeIgniter\HTTP\Exceptions\HTTPException: CURL must be enabled to use the CURLRequest class.
[Method: POST, Route: chatbot]
in SYSTEMPATH\HTTP\CURLRequest.php on line 123.
 1 SYSTEMPATH\HTTP\CURLRequest.php(123): CodeIgniter\HTTP\Exceptions\HTTPException::forMissingCurl()
 2 SYSTEMPATH\Config\Services.php(212): CodeIgniter\HTTP\CURLRequest->__construct(Object(Config\App), Object(CodeIgniter\HTTP\URI), Object(CodeIgniter\HTTP\Response), [])
 3 SYSTEMPATH\Config\BaseService.php(325): CodeIgniter\Config\Services::curlrequest([], Object(CodeIgniter\HTTP\Response), Object(Config\App), false)
 4 SYSTEMPATH\Config\BaseService.php(264): CodeIgniter\Config\BaseService::__callStatic('curlrequest', [...])
 5 SYSTEMPATH\Config\Services.php(206): CodeIgniter\Config\BaseService::getSharedInstance('curlrequest', [], null, null)
 6 SYSTEMPATH\Config\BaseService.php(334): CodeIgniter\Config\Services::curlrequest()
 7 APPPATH\Controllers\Chatbot.php(16): CodeIgniter\Config\BaseService::__callStatic('curlrequest', [])
 8 SYSTEMPATH\CodeIgniter.php(951): App\Controllers\Chatbot->chat()
 9 SYSTEMPATH\CodeIgniter.php(497): CodeIgniter\CodeIgniter->runController(Object(App\Controllers\Chatbot))
10 SYSTEMPATH\CodeIgniter.php(340): CodeIgniter\CodeIgniter->handleRequest(null, Object(Config\Cache), false)
11 SYSTEMPATH\Boot.php(417): CodeIgniter\CodeIgniter->run()
12 SYSTEMPATH\Boot.php(68): CodeIgniter\Boot::runCodeIgniter(Object(CodeIgniter\CodeIgniter))
13 FCPATH\index.php(59): CodeIgniter\Boot::bootWeb(Object(Config\Paths))
CRITICAL - 2026-05-05 13:46:31 --> CodeIgniter\HTTP\Exceptions\HTTPException: CURL must be enabled to use the CURLRequest class.
[Method: POST, Route: chatbot]
in SYSTEMPATH\HTTP\CURLRequest.php on line 123.
 1 SYSTEMPATH\HTTP\CURLRequest.php(123): CodeIgniter\HTTP\Exceptions\HTTPException::forMissingCurl()
 2 SYSTEMPATH\Config\Services.php(212): CodeIgniter\HTTP\CURLRequest->__construct(Object(Config\App), Object(CodeIgniter\HTTP\URI), Object(CodeIgniter\HTTP\Response), [])
 3 SYSTEMPATH\Config\BaseService.php(325): CodeIgniter\Config\Services::curlrequest([], Object(CodeIgniter\HTTP\Response), Object(Config\App), false)
 4 SYSTEMPATH\Config\BaseService.php(264): CodeIgniter\Config\BaseService::__callStatic('curlrequest', [...])
 5 SYSTEMPATH\Config\Services.php(206): CodeIgniter\Config\BaseService::getSharedInstance('curlrequest', [], null, null)
 6 SYSTEMPATH\Config\BaseService.php(334): CodeIgniter\Config\Services::curlrequest()
 7 APPPATH\Controllers\Chatbot.php(16): CodeIgniter\Config\BaseService::__callStatic('curlrequest', [])
 8 SYSTEMPATH\CodeIgniter.php(951): App\Controllers\Chatbot->chat()
 9 SYSTEMPATH\CodeIgniter.php(497): CodeIgniter\CodeIgniter->runController(Object(App\Controllers\Chatbot))
10 SYSTEMPATH\CodeIgniter.php(340): CodeIgniter\CodeIgniter->handleRequest(null, Object(Config\Cache), false)
11 SYSTEMPATH\Boot.php(417): CodeIgniter\CodeIgniter->run()
12 SYSTEMPATH\Boot.php(68): CodeIgniter\Boot::runCodeIgniter(Object(CodeIgniter\CodeIgniter))
13 FCPATH\index.php(59): CodeIgniter\Boot::bootWeb(Object(Config\Paths))
