CRITICAL - 2026-05-03 06:18:22 --> CodeIgniter\HTTP\Exceptions\HTTPException: CURL must be enabled to use the CURLRequest class.
[Method: POST, Route: chatbot]
in SYSTEMPATH\HTTP\CURLRequest.php on line 123.
 1 SYSTEMPATH\HTTP\CURLRequest.php(123): CodeIgniter\HTTP\Exceptions\HTTPException::forMissingCurl()
 2 SYSTEMPATH\Config\Services.php(212): CodeIgniter\HTTP\CURLRequest->__construct(Object(Config\App), Object(CodeIgniter\HTTP\URI), Object(CodeIgniter\HTTP\Response), [])
 3 SYSTEMPATH\Config\BaseService.php(325): CodeIgniter\Config\Services::curlrequest([], Object(CodeIgniter\HTTP\Response), Object(Config\App), false)
 4 SYSTEMPATH\Config\BaseService.php(264): CodeIgniter\Config\BaseService::__callStatic('curlrequest', [...])
 5 SYSTEMPATH\Config\Services.php(206): CodeIgniter\Config\BaseService::getSharedInstance('curlrequest', [], null, null)
 6 SYSTEMPATH\Config\BaseService.php(334): CodeIgniter\Config\Services::curlrequest()
 7 APPPATH\Controllers\Chatbot.php(16): CodeIgniter\Config\BaseService::__callStatic('curlrequest', [])
 8 SYSTEMPATH\CodeIgniter.php(951): App\Controllers\Chatbot->chat()
 9 SYSTEMPATH\CodeIgniter.php(497): CodeIgniter\CodeIgniter->runController(Object(App\Controllers\Chatbot))
10 SYSTEMPATH\CodeIgniter.php(340): CodeIgniter\CodeIgniter->handleRequest(null, Object(Config\Cache), false)
11 SYSTEMPATH\Boot.php(417): CodeIgniter\CodeIgniter->run()
12 SYSTEMPATH\Boot.php(68): CodeIgniter\Boot::runCodeIgniter(Object(CodeIgniter\CodeIgniter))
13 FCPATH\index.php(59): CodeIgniter\Boot::bootWeb(Object(Config\Paths))
CRITICAL - 2026-05-03 06:20:23 --> CodeIgniter\HTTP\Exceptions\HTTPException: CURL must be enabled to use the CURLRequest class.
[Method: POST, Route: chatbot]
in SYSTEMPATH\HTTP\CURLRequest.php on line 123.
 1 SYSTEMPATH\HTTP\CURLRequest.php(123): CodeIgniter\HTTP\Exceptions\HTTPException::forMissingCurl()
 2 SYSTEMPATH\Config\Services.php(212): CodeIgniter\HTTP\CURLRequest->__construct(Object(Config\App), Object(CodeIgniter\HTTP\URI), Object(CodeIgniter\HTTP\Response), [])
 3 SYSTEMPATH\Config\BaseService.php(325): CodeIgniter\Config\Services::curlrequest([], Object(CodeIgniter\HTTP\Response), Object(Config\App), false)
 4 SYSTEMPATH\Config\BaseService.php(264): CodeIgniter\Config\BaseService::__callStatic('curlrequest', [...])
 5 SYSTEMPATH\Config\Services.php(206): CodeIgniter\Config\BaseService::getSharedInstance('curlrequest', [], null, null)
 6 SYSTEMPATH\Config\BaseService.php(334): CodeIgniter\Config\Services::curlrequest()
 7 APPPATH\Controllers\Chatbot.php(16): CodeIgniter\Config\BaseService::__callStatic('curlrequest', [])
 8 SYSTEMPATH\CodeIgniter.php(951): App\Controllers\Chatbot->chat()
 9 SYSTEMPATH\CodeIgniter.php(497): CodeIgniter\CodeIgniter->runController(Object(App\Controllers\Chatbot))
10 SYSTEMPATH\CodeIgniter.php(340): CodeIgniter\CodeIgniter->handleRequest(null, Object(Config\Cache), false)
11 SYSTEMPATH\Boot.php(417): CodeIgniter\CodeIgniter->run()
12 SYSTEMPATH\Boot.php(68): CodeIgniter\Boot::runCodeIgniter(Object(CodeIgniter\CodeIgniter))
13 FCPATH\index.php(59): CodeIgniter\Boot::bootWeb(Object(Config\Paths))
CRITICAL - 2026-05-03 06:20:28 --> CodeIgniter\HTTP\Exceptions\HTTPException: CURL must be enabled to use the CURLRequest class.
[Method: POST, Route: chatbot]
in SYSTEMPATH\HTTP\CURLRequest.php on line 123.
 1 SYSTEMPATH\HTTP\CURLRequest.php(123): CodeIgniter\HTTP\Exceptions\HTTPException::forMissingCurl()
 2 SYSTEMPATH\Config\Services.php(212): CodeIgniter\HTTP\CURLRequest->__construct(Object(Config\App), Object(CodeIgniter\HTTP\URI), Object(CodeIgniter\HTTP\Response), [])
 3 SYSTEMPATH\Config\BaseService.php(325): CodeIgniter\Config\Services::curlrequest([], Object(CodeIgniter\HTTP\Response), Object(Config\App), false)
 4 SYSTEMPATH\Config\BaseService.php(264): CodeIgniter\Config\BaseService::__callStatic('curlrequest', [...])
 5 SYSTEMPATH\Config\Services.php(206): CodeIgniter\Config\BaseService::getSharedInstance('curlrequest', [], null, null)
 6 SYSTEMPATH\Config\BaseService.php(334): CodeIgniter\Config\Services::curlrequest()
 7 APPPATH\Controllers\Chatbot.php(16): CodeIgniter\Config\BaseService::__callStatic('curlrequest', [])
 8 SYSTEMPATH\CodeIgniter.php(951): App\Controllers\Chatbot->chat()
 9 SYSTEMPATH\CodeIgniter.php(497): CodeIgniter\CodeIgniter->runController(Object(App\Controllers\Chatbot))
10 SYSTEMPATH\CodeIgniter.php(340): CodeIgniter\CodeIgniter->handleRequest(null, Object(Config\Cache), false)
11 SYSTEMPATH\Boot.php(417): CodeIgniter\CodeIgniter->run()
12 SYSTEMPATH\Boot.php(68): CodeIgniter\Boot::runCodeIgniter(Object(CodeIgniter\CodeIgniter))
13 FCPATH\index.php(59): CodeIgniter\Boot::bootWeb(Object(Config\Paths))
CRITICAL - 2026-05-03 06:23:00 --> CodeIgniter\HTTP\Exceptions\HTTPException: CURL must be enabled to use the CURLRequest class.
[Method: POST, Route: chatbot]
in SYSTEMPATH\HTTP\CURLRequest.php on line 123.
 1 SYSTEMPATH\HTTP\CURLRequest.php(123): CodeIgniter\HTTP\Exceptions\HTTPException::forMissingCurl()
 2 SYSTEMPATH\Config\Services.php(212): CodeIgniter\HTTP\CURLRequest->__construct(Object(Config\App), Object(CodeIgniter\HTTP\URI), Object(CodeIgniter\HTTP\Response), [])
 3 SYSTEMPATH\Config\BaseService.php(325): CodeIgniter\Config\Services::curlrequest([], Object(CodeIgniter\HTTP\Response), Object(Config\App), false)
 4 SYSTEMPATH\Config\BaseService.php(264): CodeIgniter\Config\BaseService::__callStatic('curlrequest', [...])
 5 SYSTEMPATH\Config\Services.php(206): CodeIgniter\Config\BaseService::getSharedInstance('curlrequest', [], null, null)
 6 SYSTEMPATH\Config\BaseService.php(334): CodeIgniter\Config\Services::curlrequest()
 7 APPPATH\Controllers\Chatbot.php(16): CodeIgniter\Config\BaseService::__callStatic('curlrequest', [])
 8 SYSTEMPATH\CodeIgniter.php(951): App\Controllers\Chatbot->chat()
 9 SYSTEMPATH\CodeIgniter.php(497): CodeIgniter\CodeIgniter->runController(Object(App\Controllers\Chatbot))
10 SYSTEMPATH\CodeIgniter.php(340): CodeIgniter\CodeIgniter->handleRequest(null, Object(Config\Cache), false)
11 SYSTEMPATH\Boot.php(417): CodeIgniter\CodeIgniter->run()
12 SYSTEMPATH\Boot.php(68): CodeIgniter\Boot::runCodeIgniter(Object(CodeIgniter\CodeIgniter))
13 FCPATH\index.php(59): CodeIgniter\Boot::bootWeb(Object(Config\Paths))
